<?xml version="1.0" encoding="UTF-8"?>
<testsuite xmlns:xsi="http://www.w3.org/2001/XMLSchema-instance" xsi:schemaLocation="https://maven.apache.org/surefire/maven-surefire-plugin/xsd/surefire-test-report.xsd" name="TestSuite" time="41.256" tests="3" errors="0" skipped="1" failures="0">
  <properties>
[...]
</properties>
  <testcase name="doLogin_2" classname="com.unisys.pom.testcases.LoginTest_2" time="0">
    <skipped message="Skipping the test as Rnumode is N"/>
  </testcase>
  <testcase name="doLogin" classname="com.unisys.pom.testcases.LoginTest" time="19.664"/>
  <testcase name="doLogin_1" classname="com.unisys.pom.testcases.LoginTest_1" time="39.307"/>
</testsuite>