<?xml version="1.0" encoding="UTF-8"?>
<testng-results skipped="1" failed="0" ignored="0" total="3" passed="2">
  <reporter-output>
  </reporter-output>
  <suite name="SuiteName" duration-ms="39837" started-at="2017-04-25T11:10:27Z" finished-at="2017-04-25T11:11:07Z">
    <groups>
    </groups>
    <test name="Login Test_2" duration-ms="543" started-at="2017-04-25T11:10:27Z" finished-at="2017-04-25T11:10:27Z">
      <class name="com.unisys.pom.testcases.LoginTest_2">
        <test-method status="SKIP" signature="doLogin_2(java.util.Hashtable)[pri:0, instance:com.unisys.pom.testcases.LoginTest_2@1a482e36]" name="doLogin_2" duration-ms="17" started-at="2017-04-25T16:40:27Z" data-provider="getData" finished-at="2017-04-25T16:40:27Z">
          <params>
            <param index="0">
              <value>
                <![CDATA[{Username=9538442585, ExpectedResult=Skip, Password=test, Runmode=Y, Browser=Chrome}]]>
              </value>
            </param>
          </params>
          <exception class="org.testng.SkipException">
            <message>
              <![CDATA[Skipping the test as Rnumode is N]]>
            </message>
            <full-stacktrace>
              <![CDATA[org.testng.SkipException: Skipping the test as Rnumode is N
	at com.unisys.pom.testcases.LoginTest_2.doLogin_2(LoginTest_2.java:28)
	at sun.reflect.NativeMethodAccessorImpl.invoke0(Native Method)
	at sun.reflect.NativeMethodAccessorImpl.invoke(Unknown Source)
	at sun.reflect.DelegatingMethodAccessorImpl.invoke(Unknown Source)
	at java.lang.reflect.Method.invoke(Unknown Source)
	at org.testng.internal.MethodInvocationHelper.invokeMethod(MethodInvocationHelper.java:104)
	at org.testng.internal.Invoker.invokeMethod(Invoker.java:645)
	at org.testng.internal.Invoker.invokeTestMethod(Invoker.java:851)
	at org.testng.internal.Invoker.invokeTestMethods(Invoker.java:1177)
	at org.testng.internal.TestMethodWorker.invokeTestMethods(TestMethodWorker.java:129)
	at org.testng.internal.TestMethodWorker.run(TestMethodWorker.java:112)
	at org.testng.TestRunner.privateRun(TestRunner.java:756)
	at org.testng.TestRunner.run(TestRunner.java:610)
	at org.testng.SuiteRunner.runTest(SuiteRunner.java:387)
	at org.testng.SuiteRunner.access$000(SuiteRunner.java:39)
	at org.testng.SuiteRunner$SuiteWorker.run(SuiteRunner.java:421)
	at org.testng.internal.thread.ThreadUtil$2.call(ThreadUtil.java:64)
	at java.util.concurrent.FutureTask.run(Unknown Source)
	at java.util.concurrent.ThreadPoolExecutor.runWorker(Unknown Source)
	at java.util.concurrent.ThreadPoolExecutor$Worker.run(Unknown Source)
	at java.lang.Thread.run(Unknown Source)
]]>
            </full-stacktrace>
          </exception> <!-- org.testng.SkipException -->
          <reporter-output>
          </reporter-output>
        </test-method> <!-- doLogin_2 -->
        <test-method status="PASS" signature="quit()[pri:0, instance:com.unisys.pom.testcases.LoginTest_2@1a482e36]" name="quit" is-config="true" duration-ms="481" started-at="2017-04-25T16:40:27Z" finished-at="2017-04-25T16:40:27Z">
          <reporter-output>
          </reporter-output>
        </test-method> <!-- quit -->
      </class> <!-- com.unisys.pom.testcases.LoginTest_2 -->
    </test> <!-- Login Test_2 -->
    <test name="Login Test" duration-ms="20876" started-at="2017-04-25T11:10:27Z" finished-at="2017-04-25T11:10:48Z">
      <class name="com.unisys.pom.testcases.LoginTest">
        <test-method status="PASS" signature="doLogin(java.util.Hashtable)[pri:0, instance:com.unisys.pom.testcases.LoginTest@245b4bdc]" name="doLogin" duration-ms="19667" started-at="2017-04-25T16:40:27Z" data-provider="getData" finished-at="2017-04-25T16:40:47Z">
          <params>
            <param index="0">
              <value>
                <![CDATA[{Username=9538442585, ExpectedResult=Success, Password=Unisys*1234, Runmode=Y, Browser=Chrome}]]>
              </value>
            </param>
          </params>
          <reporter-output>
          </reporter-output>
        </test-method> <!-- doLogin -->
        <test-method status="PASS" signature="quit()[pri:0, instance:com.unisys.pom.testcases.LoginTest@245b4bdc]" name="quit" is-config="true" duration-ms="1166" started-at="2017-04-25T16:40:47Z" finished-at="2017-04-25T16:40:48Z">
          <reporter-output>
          </reporter-output>
        </test-method> <!-- quit -->
      </class> <!-- com.unisys.pom.testcases.LoginTest -->
    </test> <!-- Login Test -->
    <test name="Login Test_1" duration-ms="39836" started-at="2017-04-25T11:10:27Z" finished-at="2017-04-25T11:11:07Z">
      <class name="com.unisys.pom.testcases.LoginTest_1">
        <test-method status="PASS" signature="doLogin_1(java.util.Hashtable)[pri:0, instance:com.unisys.pom.testcases.LoginTest_1@2b662a77]" name="doLogin_1" duration-ms="39310" started-at="2017-04-25T16:40:27Z" data-provider="getData" finished-at="2017-04-25T16:41:06Z">
          <params>
            <param index="0">
              <value>
                <![CDATA[{Username=9538442585, ExpectedResult=Unsuccessful, Password=test, Runmode=Y, Browser=Mozilla}]]>
              </value>
            </param>
          </params>
          <reporter-output>
          </reporter-output>
        </test-method> <!-- doLogin_1 -->
        <test-method status="PASS" signature="quit()[pri:0, instance:com.unisys.pom.testcases.LoginTest_1@2b662a77]" name="quit" is-config="true" duration-ms="484" started-at="2017-04-25T16:41:06Z" finished-at="2017-04-25T16:41:07Z">
          <reporter-output>
          </reporter-output>
        </test-method> <!-- quit -->
      </class> <!-- com.unisys.pom.testcases.LoginTest_1 -->
    </test> <!-- Login Test_1 -->
  </suite> <!-- SuiteName -->
</testng-results>
