<?xml version="1.0" encoding="UTF-8"?>
<!-- Generated by org.testng.reporters.JUnitXMLReporter -->
<testsuite hostname="IN-HBharish-1" name="Change Password Test" tests="2" failures="1" timestamp="23 Apr 2017 12:30:31 GMT" time="80.649" errors="0">
  <testcase name="doLogin" time="47.574" classname="com.unisys.pom.testcases.LoginTest">
    <failure type="org.openqa.selenium.WebDriverException" message="Failed to connect to binary FirefoxBinary(C:\Program Files (x86)\Mozilla Firefox\firefox.exe) on port 7055; process output follows: 
egistering manifest for C:\Program Files (x86)\Mozilla Firefox\browser\features\e10srollout@mozilla.org.xpi
1492950553518	addons.xpi	DEBUG	Calling bootstrap method startup on e10srollout@mozilla.org version 1.9
1492950553519	addons.xpi	DEBUG	Registering manifest for C:\Program Files (x86)\Mozilla Firefox\browser\features\firefox@getpocket.com.xpi
1492950553520	addons.xpi	DEBUG	Calling bootstrap method startup on firefox@getpocket.com version 1.0.5
1492950553521	addons.xpi	DEBUG	Registering manifest for C:\Program Files (x86)\Mozilla Firefox\browser\features\webcompat@mozilla.org.xpi
1492950553522	addons.xpi	DEBUG	Calling bootstrap method startup on webcompat@mozilla.org version 1.0
1492950553524	addons.manager	DEBUG	Registering shutdown blocker for XPIProvider
1492950553525	addons.manager	DEBUG	Provider finished startup: XPIProvider
1492950553525	addons.manager	DEBUG	Starting provider: LightweightThemeManager
1492950553525	addons.manager	DEBUG	Registering shutdown blocker for LightweightThemeManager
1492950553525	addons.manager	DEBUG	Provider finished startup: LightweightThemeManager
1492950553526	addons.manager	DEBUG	Starting provider: GMPProvider
1492950553540	addons.manager	DEBUG	Registering shutdown blocker for GMPProvider
1492950553540	addons.manager	DEBUG	Provider finished startup: GMPProvider
1492950553540	addons.manager	DEBUG	Starting provider: PluginProvider
1492950553540	addons.manager	DEBUG	Registering shutdown blocker for PluginProvider
1492950553541	addons.manager	DEBUG	Provider finished startup: PluginProvider
1492950553541	addons.manager	DEBUG	Completed startup sequence
1492950554827	addons.manager	DEBUG	Starting provider: &amp;lt;unnamed-provider&amp;gt;
1492950554827	addons.manager	DEBUG	Registering shutdown blocker for &amp;lt;unnamed-provider&amp;gt;
1492950554827	addons.manager	DEBUG	Provider finished startup: &amp;lt;unnamed-provider&amp;gt;
1492950555036	DeferredSave.extensions.json	DEBUG	Write succeeded
1492950555036	addons.xpi-utils	DEBUG	XPI Database saved, setting schema version preference to 19
1492950555036	DeferredSave.extensions.json	DEBUG	Starting timer
1492950555060	DeferredSave.extensions.json	DEBUG	Starting write
1492950555065	addons.repository	DEBUG	No addons.json found.
1492950555066	DeferredSave.addons.json	DEBUG	Save changes
1492950555070	DeferredSave.addons.json	DEBUG	Starting timer
1492950555107	addons.manager	DEBUG	Starting provider: PreviousExperimentProvider
1492950555108	addons.manager	DEBUG	Registering shutdown blocker for PreviousExperimentProvider
1492950555108	addons.manager	DEBUG	Provider finished startup: PreviousExperimentProvider
1492950555123	DeferredSave.addons.json	DEBUG	Starting write
1492950555127	DeferredSave.extensions.json	DEBUG	Write succeeded
1492950555161	DeferredSave.addons.json	DEBUG	Write succeeded
1492950568630	addons.xpi	DEBUG	Calling bootstrap method shutdown on webcompat@mozilla.org version 1.0
1492950568631	addons.xpi	DEBUG	Calling bootstrap method shutdown on firefox@getpocket.com version 1.0.5
1492950568632	addons.xpi	DEBUG	Calling bootstrap method shutdown on e10srollout@mozilla.org version 1.9
1492950568634	addons.xpi	DEBUG	Calling bootstrap method shutdown on deployment-checker@mozilla.org version 1.0
1492950568636	addons.xpi	DEBUG	Calling bootstrap method shutdown on aushelper@mozilla.org version 2.0
1492950573094	addons.manager	DEBUG	shutdown
1492950573095	addons.manager	DEBUG	Calling shutdown blocker for XPIProvider
1492950573095	addons.xpi	DEBUG	shutdown
1492950573095	addons.xpi-utils	DEBUG	shutdown
1492950573097	addons.manager	DEBUG	Calling shutdown blocker for LightweightThemeManager
1492950573098	addons.manager	DEBUG	Calling shutdown blocker for GMPProvider
1492950573103	addons.manager	DEBUG	Calling shutdown blocker for PluginProvider
1492950573104	addons.manager	DEBUG	Calling shutdown blocker for &amp;lt;unnamed-provider&amp;gt;
1492950573108	addons.manager	DEBUG	Calling shutdown blocker for PreviousExperimentProvider
1492950573112	addons.xpi	DEBUG	Notifying XPI shutdown observers
1492950573119	addons.manager	DEBUG	Async provider shutdown done

Build info: version: &amp;apos;2.52.0&amp;apos;, revision: &amp;apos;4c2593c&amp;apos;, time: &amp;apos;2016-02-11 19:06:42&amp;apos;
System info: host: &amp;apos;IN-HBharish-1&amp;apos;, ip: &amp;apos;172.31.64.1&amp;apos;, os.name: &amp;apos;Windows 10&amp;apos;, os.arch: &amp;apos;amd64&amp;apos;, os.version: &amp;apos;10.0&amp;apos;, java.version: &amp;apos;1.8.0_121&amp;apos;
Driver info: driver.version: FirefoxDriver">
      <![CDATA[org.openqa.selenium.WebDriverException: Failed to connect to binary FirefoxBinary(C:\Program Files (x86)\Mozilla Firefox\firefox.exe) on port 7055; process output follows: 
egistering manifest for C:\Program Files (x86)\Mozilla Firefox\browser\features\e10srollout@mozilla.org.xpi
1492950553518	addons.xpi	DEBUG	Calling bootstrap method startup on e10srollout@mozilla.org version 1.9
1492950553519	addons.xpi	DEBUG	Registering manifest for C:\Program Files (x86)\Mozilla Firefox\browser\features\firefox@getpocket.com.xpi
1492950553520	addons.xpi	DEBUG	Calling bootstrap method startup on firefox@getpocket.com version 1.0.5
1492950553521	addons.xpi	DEBUG	Registering manifest for C:\Program Files (x86)\Mozilla Firefox\browser\features\webcompat@mozilla.org.xpi
1492950553522	addons.xpi	DEBUG	Calling bootstrap method startup on webcompat@mozilla.org version 1.0
1492950553524	addons.manager	DEBUG	Registering shutdown blocker for XPIProvider
1492950553525	addons.manager	DEBUG	Provider finished startup: XPIProvider
1492950553525	addons.manager	DEBUG	Starting provider: LightweightThemeManager
1492950553525	addons.manager	DEBUG	Registering shutdown blocker for LightweightThemeManager
1492950553525	addons.manager	DEBUG	Provider finished startup: LightweightThemeManager
1492950553526	addons.manager	DEBUG	Starting provider: GMPProvider
1492950553540	addons.manager	DEBUG	Registering shutdown blocker for GMPProvider
1492950553540	addons.manager	DEBUG	Provider finished startup: GMPProvider
1492950553540	addons.manager	DEBUG	Starting provider: PluginProvider
1492950553540	addons.manager	DEBUG	Registering shutdown blocker for PluginProvider
1492950553541	addons.manager	DEBUG	Provider finished startup: PluginProvider
1492950553541	addons.manager	DEBUG	Completed startup sequence
1492950554827	addons.manager	DEBUG	Starting provider: <unnamed-provider>
1492950554827	addons.manager	DEBUG	Registering shutdown blocker for <unnamed-provider>
1492950554827	addons.manager	DEBUG	Provider finished startup: <unnamed-provider>
1492950555036	DeferredSave.extensions.json	DEBUG	Write succeeded
1492950555036	addons.xpi-utils	DEBUG	XPI Database saved, setting schema version preference to 19
1492950555036	DeferredSave.extensions.json	DEBUG	Starting timer
1492950555060	DeferredSave.extensions.json	DEBUG	Starting write
1492950555065	addons.repository	DEBUG	No addons.json found.
1492950555066	DeferredSave.addons.json	DEBUG	Save changes
1492950555070	DeferredSave.addons.json	DEBUG	Starting timer
1492950555107	addons.manager	DEBUG	Starting provider: PreviousExperimentProvider
1492950555108	addons.manager	DEBUG	Registering shutdown blocker for PreviousExperimentProvider
1492950555108	addons.manager	DEBUG	Provider finished startup: PreviousExperimentProvider
1492950555123	DeferredSave.addons.json	DEBUG	Starting write
1492950555127	DeferredSave.extensions.json	DEBUG	Write succeeded
1492950555161	DeferredSave.addons.json	DEBUG	Write succeeded
1492950568630	addons.xpi	DEBUG	Calling bootstrap method shutdown on webcompat@mozilla.org version 1.0
1492950568631	addons.xpi	DEBUG	Calling bootstrap method shutdown on firefox@getpocket.com version 1.0.5
1492950568632	addons.xpi	DEBUG	Calling bootstrap method shutdown on e10srollout@mozilla.org version 1.9
1492950568634	addons.xpi	DEBUG	Calling bootstrap method shutdown on deployment-checker@mozilla.org version 1.0
1492950568636	addons.xpi	DEBUG	Calling bootstrap method shutdown on aushelper@mozilla.org version 2.0
1492950573094	addons.manager	DEBUG	shutdown
1492950573095	addons.manager	DEBUG	Calling shutdown blocker for XPIProvider
1492950573095	addons.xpi	DEBUG	shutdown
1492950573095	addons.xpi-utils	DEBUG	shutdown
1492950573097	addons.manager	DEBUG	Calling shutdown blocker for LightweightThemeManager
1492950573098	addons.manager	DEBUG	Calling shutdown blocker for GMPProvider
1492950573103	addons.manager	DEBUG	Calling shutdown blocker for PluginProvider
1492950573104	addons.manager	DEBUG	Calling shutdown blocker for <unnamed-provider>
1492950573108	addons.manager	DEBUG	Calling shutdown blocker for PreviousExperimentProvider
1492950573112	addons.xpi	DEBUG	Notifying XPI shutdown observers
1492950573119	addons.manager	DEBUG	Async provider shutdown done

Build info: version: '2.52.0', revision: '4c2593c', time: '2016-02-11 19:06:42'
System info: host: 'IN-HBharish-1', ip: '172.31.64.1', os.name: 'Windows 10', os.arch: 'amd64', os.version: '10.0', java.version: '1.8.0_121'
Driver info: driver.version: FirefoxDriver
	at org.openqa.selenium.firefox.internal.NewProfileExtensionConnection.start(NewProfileExtensionConnection.java:124)
	at org.openqa.selenium.firefox.FirefoxDriver.startClient(FirefoxDriver.java:271)
	at org.openqa.selenium.remote.RemoteWebDriver.<init>(RemoteWebDriver.java:119)
	at org.openqa.selenium.firefox.FirefoxDriver.<init>(FirefoxDriver.java:218)
	at org.openqa.selenium.firefox.FirefoxDriver.<init>(FirefoxDriver.java:211)
	at org.openqa.selenium.firefox.FirefoxDriver.<init>(FirefoxDriver.java:207)
	at org.openqa.selenium.firefox.FirefoxDriver.<init>(FirefoxDriver.java:120)
	at com.unisys.pom.testcases.base.BaseTest.init(BaseTest.java:48)
	at com.unisys.pom.testcases.LoginTest.doLogin(LoginTest.java:32)
	at java.util.concurrent.FutureTask.run(Unknown Source)
	at java.util.concurrent.ThreadPoolExecutor.runWorker(Unknown Source)
	at java.util.concurrent.ThreadPoolExecutor$Worker.run(Unknown Source)
	at java.lang.Thread.run(Unknown Source)
Caused by: org.openqa.selenium.firefox.NotConnectedException: Unable to connect to host 127.0.0.1 on port 7055 after 45000 ms. Firefox console output:
egistering manifest for C:\Program Files (x86)\Mozilla Firefox\browser\features\e10srollout@mozilla.org.xpi
1492950553518	addons.xpi	DEBUG	Calling bootstrap method startup on e10srollout@mozilla.org version 1.9
1492950553519	addons.xpi	DEBUG	Registering manifest for C:\Program Files (x86)\Mozilla Firefox\browser\features\firefox@getpocket.com.xpi
1492950553520	addons.xpi	DEBUG	Calling bootstrap method startup on firefox@getpocket.com version 1.0.5
1492950553521	addons.xpi	DEBUG	Registering manifest for C:\Program Files (x86)\Mozilla Firefox\browser\features\webcompat@mozilla.org.xpi
1492950553522	addons.xpi	DEBUG	Calling bootstrap method startup on webcompat@mozilla.org version 1.0
1492950553524	addons.manager	DEBUG	Registering shutdown blocker for XPIProvider
1492950553525	addons.manager	DEBUG	Provider finished startup: XPIProvider
1492950553525	addons.manager	DEBUG	Starting provider: LightweightThemeManager
1492950553525	addons.manager	DEBUG	Registering shutdown blocker for LightweightThemeManager
1492950553525	addons.manager	DEBUG	Provider finished startup: LightweightThemeManager
1492950553526	addons.manager	DEBUG	Starting provider: GMPProvider
1492950553540	addons.manager	DEBUG	Registering shutdown blocker for GMPProvider
1492950553540	addons.manager	DEBUG	Provider finished startup: GMPProvider
1492950553540	addons.manager	DEBUG	Starting provider: PluginProvider
1492950553540	addons.manager	DEBUG	Registering shutdown blocker for PluginProvider
1492950553541	addons.manager	DEBUG	Provider finished startup: PluginProvider
1492950553541	addons.manager	DEBUG	Completed startup sequence
1492950554827	addons.manager	DEBUG	Starting provider: <unnamed-provider>
1492950554827	addons.manager	DEBUG	Registering shutdown blocker for <unnamed-provider>
1492950554827	addons.manager	DEBUG	Provider finished startup: <unnamed-provider>
1492950555036	DeferredSave.extensions.json	DEBUG	Write succeeded
1492950555036	addons.xpi-utils	DEBUG	XPI Database saved, setting schema version preference to 19
1492950555036	DeferredSave.extensions.json	DEBUG	Starting timer
1492950555060	DeferredSave.extensions.json	DEBUG	Starting write
1492950555065	addons.repository	DEBUG	No addons.json found.
1492950555066	DeferredSave.addons.json	DEBUG	Save changes
1492950555070	DeferredSave.addons.json	DEBUG	Starting timer
1492950555107	addons.manager	DEBUG	Starting provider: PreviousExperimentProvider
1492950555108	addons.manager	DEBUG	Registering shutdown blocker for PreviousExperimentProvider
1492950555108	addons.manager	DEBUG	Provider finished startup: PreviousExperimentProvider
1492950555123	DeferredSave.addons.json	DEBUG	Starting write
1492950555127	DeferredSave.extensions.json	DEBUG	Write succeeded
1492950555161	DeferredSave.addons.json	DEBUG	Write succeeded
1492950568630	addons.xpi	DEBUG	Calling bootstrap method shutdown on webcompat@mozilla.org version 1.0
1492950568631	addons.xpi	DEBUG	Calling bootstrap method shutdown on firefox@getpocket.com version 1.0.5
1492950568632	addons.xpi	DEBUG	Calling bootstrap method shutdown on e10srollout@mozilla.org version 1.9
1492950568634	addons.xpi	DEBUG	Calling bootstrap method shutdown on deployment-checker@mozilla.org version 1.0
1492950568636	addons.xpi	DEBUG	Calling bootstrap method shutdown on aushelper@mozilla.org version 2.0
1492950573094	addons.manager	DEBUG	shutdown
1492950573095	addons.manager	DEBUG	Calling shutdown blocker for XPIProvider
1492950573095	addons.xpi	DEBUG	shutdown
1492950573095	addons.xpi-utils	DEBUG	shutdown
1492950573097	addons.manager	DEBUG	Calling shutdown blocker for LightweightThemeManager
1492950573098	addons.manager	DEBUG	Calling shutdown blocker for GMPProvider
1492950573103	addons.manager	DEBUG	Calling shutdown blocker for PluginProvider
1492950573104	addons.manager	DEBUG	Calling shutdown blocker for <unnamed-provider>
1492950573108	addons.manager	DEBUG	Calling shutdown blocker for PreviousExperimentProvider
1492950573112	addons.xpi	DEBUG	Notifying XPI shutdown observers
1492950573119	addons.manager	DEBUG	Async provider shutdown done

	at org.openqa.selenium.firefox.internal.NewProfileExtensionConnection.start(NewProfileExtensionConnection.java:112)
	... 28 more
... Removed 16 stack frames]]>
    </failure>
  </testcase> <!-- doLogin -->
  <testcase name="doLogin" time="32.094" classname="com.unisys.pom.testcases.LoginTest"/>
</testsuite> <!-- Change Password Test -->
