<?xml version="1.0" encoding="UTF-8"?>
<!-- Generated by org.testng.reporters.JUnitXMLReporter -->
<testsuite hostname="IN-HBharish-1" name="Profile Test" tests="2" failures="1" timestamp="23 Apr 2017 12:31:12 GMT" time="121.491" errors="0">
  <testcase name="doLogin" time="93.176" classname="com.unisys.pom.testcases.LoginTest">
    <failure type="org.openqa.selenium.WebDriverException" message="Failed to connect to binary FirefoxBinary(C:\Program Files (x86)\Mozilla Firefox\firefox.exe) on port 7055; process output follows: 
ates&amp;quot;:1,&amp;quot;skinnable&amp;quot;:true,&amp;quot;size&amp;quot;:19587,&amp;quot;sourceURI&amp;quot;:null,&amp;quot;releaseNotesURI&amp;quot;:null,&amp;quot;softDisabled&amp;quot;:false,&amp;quot;foreignInstall&amp;quot;:false,&amp;quot;hasBinaryComponents&amp;quot;:false,&amp;quot;strictCompatibility&amp;quot;:true,&amp;quot;locales&amp;quot;:[],&amp;quot;targetApplications&amp;quot;:[{&amp;quot;id&amp;quot;:&amp;quot;{ec8030f7-c20a-464f-9b0e-13a3a9e97384}&amp;quot;,&amp;quot;minVersion&amp;quot;:&amp;quot;52.0.2&amp;quot;,&amp;quot;maxVersion&amp;quot;:&amp;quot;52.0.2&amp;quot;}],&amp;quot;targetPlatforms&amp;quot;:[],&amp;quot;seen&amp;quot;:true,&amp;quot;dependencies&amp;quot;:[],&amp;quot;hasEmbeddedWebExtension&amp;quot;:false}
1492950602431	addons.xpi	DEBUG	getModTime: Recursive scan of {972ce4c6-7e08-4474-a285-3208198ce6fd}
1492950602433	DeferredSave.extensions.json	DEBUG	Save changes
1492950602434	addons.xpi	DEBUG	Updating database with changes to installed add-ons
1492950602435	addons.xpi-utils	DEBUG	Updating add-on states
1492950602436	addons.xpi-utils	DEBUG	Writing add-ons list
1492950602442	addons.xpi	DEBUG	Registering manifest for C:\Program Files (x86)\Mozilla Firefox\browser\features\aushelper@mozilla.org.xpi
1492950602443	addons.xpi	DEBUG	Calling bootstrap method startup on aushelper@mozilla.org version 2.0
1492950602444	addons.xpi	DEBUG	Registering manifest for C:\Program Files (x86)\Mozilla Firefox\browser\features\deployment-checker@mozilla.org.xpi
1492950602446	addons.xpi	DEBUG	Calling bootstrap method startup on deployment-checker@mozilla.org version 1.0
1492950602447	addons.xpi	DEBUG	Registering manifest for C:\Program Files (x86)\Mozilla Firefox\browser\features\e10srollout@mozilla.org.xpi
1492950602448	addons.xpi	DEBUG	Calling bootstrap method startup on e10srollout@mozilla.org version 1.9
1492950602449	addons.xpi	DEBUG	Registering manifest for C:\Program Files (x86)\Mozilla Firefox\browser\features\firefox@getpocket.com.xpi
1492950602450	addons.xpi	DEBUG	Calling bootstrap method startup on firefox@getpocket.com version 1.0.5
1492950602451	addons.xpi	DEBUG	Registering manifest for C:\Program Files (x86)\Mozilla Firefox\browser\features\webcompat@mozilla.org.xpi
1492950602452	addons.xpi	DEBUG	Calling bootstrap method startup on webcompat@mozilla.org version 1.0
1492950602455	addons.manager	DEBUG	Registering shutdown blocker for XPIProvider
1492950602455	addons.manager	DEBUG	Provider finished startup: XPIProvider
1492950602455	addons.manager	DEBUG	Starting provider: LightweightThemeManager
1492950602455	addons.manager	DEBUG	Registering shutdown blocker for LightweightThemeManager
1492950602455	addons.manager	DEBUG	Provider finished startup: LightweightThemeManager
1492950602456	addons.manager	DEBUG	Starting provider: GMPProvider
1492950602471	addons.manager	DEBUG	Registering shutdown blocker for GMPProvider
1492950602472	addons.manager	DEBUG	Provider finished startup: GMPProvider
1492950602472	addons.manager	DEBUG	Starting provider: PluginProvider
1492950602472	addons.manager	DEBUG	Registering shutdown blocker for PluginProvider
1492950602472	addons.manager	DEBUG	Provider finished startup: PluginProvider
1492950602473	addons.manager	DEBUG	Completed startup sequence
1492950604521	addons.manager	DEBUG	Starting provider: &amp;lt;unnamed-provider&amp;gt;
1492950604521	addons.manager	DEBUG	Registering shutdown blocker for &amp;lt;unnamed-provider&amp;gt;
1492950604522	addons.manager	DEBUG	Provider finished startup: &amp;lt;unnamed-provider&amp;gt;
1492950604946	DeferredSave.extensions.json	DEBUG	Write succeeded
1492950604946	addons.xpi-utils	DEBUG	XPI Database saved, setting schema version preference to 19
1492950604947	DeferredSave.extensions.json	DEBUG	Starting timer
1492950604982	DeferredSave.extensions.json	DEBUG	Starting write
1492950604989	addons.repository	DEBUG	No addons.json found.
1492950604991	DeferredSave.addons.json	DEBUG	Save changes
1492950604996	DeferredSave.addons.json	DEBUG	Starting timer
1492950605084	addons.manager	DEBUG	Starting provider: PreviousExperimentProvider
1492950605084	addons.manager	DEBUG	Registering shutdown blocker for PreviousExperimentProvider
1492950605084	addons.manager	DEBUG	Provider finished startup: PreviousExperimentProvider
1492950605090	DeferredSave.addons.json	DEBUG	Starting write
1492950605137	DeferredSave.extensions.json	DEBUG	Write succeeded
1492950605206	DeferredSave.addons.json	DEBUG	Write succeeded

Build info: version: &amp;apos;2.52.0&amp;apos;, revision: &amp;apos;4c2593c&amp;apos;, time: &amp;apos;2016-02-11 19:06:42&amp;apos;
System info: host: &amp;apos;IN-HBharish-1&amp;apos;, ip: &amp;apos;172.31.64.1&amp;apos;, os.name: &amp;apos;Windows 10&amp;apos;, os.arch: &amp;apos;amd64&amp;apos;, os.version: &amp;apos;10.0&amp;apos;, java.version: &amp;apos;1.8.0_121&amp;apos;
Driver info: driver.version: FirefoxDriver">
      <![CDATA[org.openqa.selenium.WebDriverException: Failed to connect to binary FirefoxBinary(C:\Program Files (x86)\Mozilla Firefox\firefox.exe) on port 7055; process output follows: 
ates":1,"skinnable":true,"size":19587,"sourceURI":null,"releaseNotesURI":null,"softDisabled":false,"foreignInstall":false,"hasBinaryComponents":false,"strictCompatibility":true,"locales":[],"targetApplications":[{"id":"{ec8030f7-c20a-464f-9b0e-13a3a9e97384}","minVersion":"52.0.2","maxVersion":"52.0.2"}],"targetPlatforms":[],"seen":true,"dependencies":[],"hasEmbeddedWebExtension":false}
1492950602431	addons.xpi	DEBUG	getModTime: Recursive scan of {972ce4c6-7e08-4474-a285-3208198ce6fd}
1492950602433	DeferredSave.extensions.json	DEBUG	Save changes
1492950602434	addons.xpi	DEBUG	Updating database with changes to installed add-ons
1492950602435	addons.xpi-utils	DEBUG	Updating add-on states
1492950602436	addons.xpi-utils	DEBUG	Writing add-ons list
1492950602442	addons.xpi	DEBUG	Registering manifest for C:\Program Files (x86)\Mozilla Firefox\browser\features\aushelper@mozilla.org.xpi
1492950602443	addons.xpi	DEBUG	Calling bootstrap method startup on aushelper@mozilla.org version 2.0
1492950602444	addons.xpi	DEBUG	Registering manifest for C:\Program Files (x86)\Mozilla Firefox\browser\features\deployment-checker@mozilla.org.xpi
1492950602446	addons.xpi	DEBUG	Calling bootstrap method startup on deployment-checker@mozilla.org version 1.0
1492950602447	addons.xpi	DEBUG	Registering manifest for C:\Program Files (x86)\Mozilla Firefox\browser\features\e10srollout@mozilla.org.xpi
1492950602448	addons.xpi	DEBUG	Calling bootstrap method startup on e10srollout@mozilla.org version 1.9
1492950602449	addons.xpi	DEBUG	Registering manifest for C:\Program Files (x86)\Mozilla Firefox\browser\features\firefox@getpocket.com.xpi
1492950602450	addons.xpi	DEBUG	Calling bootstrap method startup on firefox@getpocket.com version 1.0.5
1492950602451	addons.xpi	DEBUG	Registering manifest for C:\Program Files (x86)\Mozilla Firefox\browser\features\webcompat@mozilla.org.xpi
1492950602452	addons.xpi	DEBUG	Calling bootstrap method startup on webcompat@mozilla.org version 1.0
1492950602455	addons.manager	DEBUG	Registering shutdown blocker for XPIProvider
1492950602455	addons.manager	DEBUG	Provider finished startup: XPIProvider
1492950602455	addons.manager	DEBUG	Starting provider: LightweightThemeManager
1492950602455	addons.manager	DEBUG	Registering shutdown blocker for LightweightThemeManager
1492950602455	addons.manager	DEBUG	Provider finished startup: LightweightThemeManager
1492950602456	addons.manager	DEBUG	Starting provider: GMPProvider
1492950602471	addons.manager	DEBUG	Registering shutdown blocker for GMPProvider
1492950602472	addons.manager	DEBUG	Provider finished startup: GMPProvider
1492950602472	addons.manager	DEBUG	Starting provider: PluginProvider
1492950602472	addons.manager	DEBUG	Registering shutdown blocker for PluginProvider
1492950602472	addons.manager	DEBUG	Provider finished startup: PluginProvider
1492950602473	addons.manager	DEBUG	Completed startup sequence
1492950604521	addons.manager	DEBUG	Starting provider: <unnamed-provider>
1492950604521	addons.manager	DEBUG	Registering shutdown blocker for <unnamed-provider>
1492950604522	addons.manager	DEBUG	Provider finished startup: <unnamed-provider>
1492950604946	DeferredSave.extensions.json	DEBUG	Write succeeded
1492950604946	addons.xpi-utils	DEBUG	XPI Database saved, setting schema version preference to 19
1492950604947	DeferredSave.extensions.json	DEBUG	Starting timer
1492950604982	DeferredSave.extensions.json	DEBUG	Starting write
1492950604989	addons.repository	DEBUG	No addons.json found.
1492950604991	DeferredSave.addons.json	DEBUG	Save changes
1492950604996	DeferredSave.addons.json	DEBUG	Starting timer
1492950605084	addons.manager	DEBUG	Starting provider: PreviousExperimentProvider
1492950605084	addons.manager	DEBUG	Registering shutdown blocker for PreviousExperimentProvider
1492950605084	addons.manager	DEBUG	Provider finished startup: PreviousExperimentProvider
1492950605090	DeferredSave.addons.json	DEBUG	Starting write
1492950605137	DeferredSave.extensions.json	DEBUG	Write succeeded
1492950605206	DeferredSave.addons.json	DEBUG	Write succeeded

Build info: version: '2.52.0', revision: '4c2593c', time: '2016-02-11 19:06:42'
System info: host: 'IN-HBharish-1', ip: '172.31.64.1', os.name: 'Windows 10', os.arch: 'amd64', os.version: '10.0', java.version: '1.8.0_121'
Driver info: driver.version: FirefoxDriver
	at org.openqa.selenium.firefox.internal.NewProfileExtensionConnection.start(NewProfileExtensionConnection.java:124)
	at org.openqa.selenium.firefox.FirefoxDriver.startClient(FirefoxDriver.java:271)
	at org.openqa.selenium.remote.RemoteWebDriver.<init>(RemoteWebDriver.java:119)
	at org.openqa.selenium.firefox.FirefoxDriver.<init>(FirefoxDriver.java:218)
	at org.openqa.selenium.firefox.FirefoxDriver.<init>(FirefoxDriver.java:211)
	at org.openqa.selenium.firefox.FirefoxDriver.<init>(FirefoxDriver.java:207)
	at org.openqa.selenium.firefox.FirefoxDriver.<init>(FirefoxDriver.java:120)
	at com.unisys.pom.testcases.base.BaseTest.init(BaseTest.java:48)
	at com.unisys.pom.testcases.LoginTest.doLogin(LoginTest.java:32)
	at java.util.concurrent.FutureTask.run(Unknown Source)
	at java.util.concurrent.ThreadPoolExecutor.runWorker(Unknown Source)
	at java.util.concurrent.ThreadPoolExecutor$Worker.run(Unknown Source)
	at java.lang.Thread.run(Unknown Source)
Caused by: org.openqa.selenium.firefox.NotConnectedException: Unable to connect to host 127.0.0.1 on port 7055 after 45000 ms. Firefox console output:
ates":1,"skinnable":true,"size":19587,"sourceURI":null,"releaseNotesURI":null,"softDisabled":false,"foreignInstall":false,"hasBinaryComponents":false,"strictCompatibility":true,"locales":[],"targetApplications":[{"id":"{ec8030f7-c20a-464f-9b0e-13a3a9e97384}","minVersion":"52.0.2","maxVersion":"52.0.2"}],"targetPlatforms":[],"seen":true,"dependencies":[],"hasEmbeddedWebExtension":false}
1492950602431	addons.xpi	DEBUG	getModTime: Recursive scan of {972ce4c6-7e08-4474-a285-3208198ce6fd}
1492950602433	DeferredSave.extensions.json	DEBUG	Save changes
1492950602434	addons.xpi	DEBUG	Updating database with changes to installed add-ons
1492950602435	addons.xpi-utils	DEBUG	Updating add-on states
1492950602436	addons.xpi-utils	DEBUG	Writing add-ons list
1492950602442	addons.xpi	DEBUG	Registering manifest for C:\Program Files (x86)\Mozilla Firefox\browser\features\aushelper@mozilla.org.xpi
1492950602443	addons.xpi	DEBUG	Calling bootstrap method startup on aushelper@mozilla.org version 2.0
1492950602444	addons.xpi	DEBUG	Registering manifest for C:\Program Files (x86)\Mozilla Firefox\browser\features\deployment-checker@mozilla.org.xpi
1492950602446	addons.xpi	DEBUG	Calling bootstrap method startup on deployment-checker@mozilla.org version 1.0
1492950602447	addons.xpi	DEBUG	Registering manifest for C:\Program Files (x86)\Mozilla Firefox\browser\features\e10srollout@mozilla.org.xpi
1492950602448	addons.xpi	DEBUG	Calling bootstrap method startup on e10srollout@mozilla.org version 1.9
1492950602449	addons.xpi	DEBUG	Registering manifest for C:\Program Files (x86)\Mozilla Firefox\browser\features\firefox@getpocket.com.xpi
1492950602450	addons.xpi	DEBUG	Calling bootstrap method startup on firefox@getpocket.com version 1.0.5
1492950602451	addons.xpi	DEBUG	Registering manifest for C:\Program Files (x86)\Mozilla Firefox\browser\features\webcompat@mozilla.org.xpi
1492950602452	addons.xpi	DEBUG	Calling bootstrap method startup on webcompat@mozilla.org version 1.0
1492950602455	addons.manager	DEBUG	Registering shutdown blocker for XPIProvider
1492950602455	addons.manager	DEBUG	Provider finished startup: XPIProvider
1492950602455	addons.manager	DEBUG	Starting provider: LightweightThemeManager
1492950602455	addons.manager	DEBUG	Registering shutdown blocker for LightweightThemeManager
1492950602455	addons.manager	DEBUG	Provider finished startup: LightweightThemeManager
1492950602456	addons.manager	DEBUG	Starting provider: GMPProvider
1492950602471	addons.manager	DEBUG	Registering shutdown blocker for GMPProvider
1492950602472	addons.manager	DEBUG	Provider finished startup: GMPProvider
1492950602472	addons.manager	DEBUG	Starting provider: PluginProvider
1492950602472	addons.manager	DEBUG	Registering shutdown blocker for PluginProvider
1492950602472	addons.manager	DEBUG	Provider finished startup: PluginProvider
1492950602473	addons.manager	DEBUG	Completed startup sequence
1492950604521	addons.manager	DEBUG	Starting provider: <unnamed-provider>
1492950604521	addons.manager	DEBUG	Registering shutdown blocker for <unnamed-provider>
1492950604522	addons.manager	DEBUG	Provider finished startup: <unnamed-provider>
1492950604946	DeferredSave.extensions.json	DEBUG	Write succeeded
1492950604946	addons.xpi-utils	DEBUG	XPI Database saved, setting schema version preference to 19
1492950604947	DeferredSave.extensions.json	DEBUG	Starting timer
1492950604982	DeferredSave.extensions.json	DEBUG	Starting write
1492950604989	addons.repository	DEBUG	No addons.json found.
1492950604991	DeferredSave.addons.json	DEBUG	Save changes
1492950604996	DeferredSave.addons.json	DEBUG	Starting timer
1492950605084	addons.manager	DEBUG	Starting provider: PreviousExperimentProvider
1492950605084	addons.manager	DEBUG	Registering shutdown blocker for PreviousExperimentProvider
1492950605084	addons.manager	DEBUG	Provider finished startup: PreviousExperimentProvider
1492950605090	DeferredSave.addons.json	DEBUG	Starting write
1492950605137	DeferredSave.extensions.json	DEBUG	Write succeeded
1492950605206	DeferredSave.addons.json	DEBUG	Write succeeded

	at org.openqa.selenium.firefox.internal.NewProfileExtensionConnection.start(NewProfileExtensionConnection.java:112)
	... 28 more
... Removed 16 stack frames]]>
    </failure>
  </testcase> <!-- doLogin -->
  <testcase name="doLogin" time="27.365" classname="com.unisys.pom.testcases.LoginTest"/>
</testsuite> <!-- Profile Test -->
